[debug] [2017-06-17T21:11:55.914Z] ----------------------------------------------------------------------
[debug] [2017-06-17T21:11:55.925Z] Command:      C:\Program Files\nodejs\node.exe C:\Users\Ankur\AppData\Roaming\npm\node_modules\firebase-tools\bin\firebase serve
[debug] [2017-06-17T21:11:55.927Z] CLI Version:  3.9.1
[debug] [2017-06-17T21:11:55.927Z] Platform:     win32
[debug] [2017-06-17T21:11:55.928Z] Node Version: v6.10.3
[debug] [2017-06-17T21:11:55.929Z] Time:         Sat Jun 17 2017 17:11:55 GMT-0400 (Eastern Daylight Time)
[debug] [2017-06-17T21:11:55.929Z] ----------------------------------------------------------------------
[debug] 
[debug] [2017-06-17T21:11:56.001Z] > command requires scopes: ["email","openid","https://www.googleapis.com/auth/cloudplatformprojects.readonly","https://www.googleapis.com/auth/firebase","https://www.googleapis.com/auth/cloud-platform"]
[debug] [2017-06-17T21:11:56.001Z] > authorizing via signed-in user
[debug] [2017-06-17T21:11:56.006Z] > refreshing access token with scopes: ["email","https://www.googleapis.com/auth/cloud-platform","https://www.googleapis.com/auth/cloudplatformprojects.readonly","https://www.googleapis.com/auth/firebase","openid"]
[debug] [2017-06-17T21:11:56.007Z] >>> HTTP REQUEST POST https://www.googleapis.com/oauth2/v3/token { refresh_token: '1/TVMnvqZa6uiz2qrMjI4_Pqfkuo7-NBQ-yUpUMI_Cit4',
  client_id: '563584335869-fgrhgmd47bqnekij5i8b5pr03ho849e6.apps.googleusercontent.com',
  client_secret: 'j9iVZfS8kkCEFUPaAeJV0sAi',
  grant_type: 'refresh_token',
  scope: 'email https://www.googleapis.com/auth/cloud-platform https://www.googleapis.com/auth/cloudplatformprojects.readonly https://www.googleapis.com/auth/firebase openid' } 
 Sat Jun 17 2017 17:11:56 GMT-0400 (Eastern Daylight Time)
[debug] [2017-06-17T21:11:56.233Z] <<< HTTP RESPONSE 200
[debug] [2017-06-17T21:11:56.277Z] >>> HTTP REQUEST GET https://admin.firebase.com/v1/projects/refugeenetwork-bfcb8  
 Sat Jun 17 2017 17:11:56 GMT-0400 (Eastern Daylight Time)
[debug] [2017-06-17T21:11:56.793Z] <<< HTTP RESPONSE 200
[debug] [2017-06-17T21:11:56.795Z] >>> HTTP REQUEST GET https://admin.firebase.com/v1/database/refugeenetwork-bfcb8/tokens  
 Sat Jun 17 2017 17:11:56 GMT-0400 (Eastern Daylight Time)
[debug] [2017-06-17T21:11:57.181Z] <<< HTTP RESPONSE 200
[info] 
[info] === Serving from 'D:\TeamOnFire\web-start'...
[info] 
[debug] [2017-06-17T21:11:57.192Z] >>> HTTP REQUEST GET https://cloudresourcemanager.googleapis.com/v1/projects/refugeenetwork-bfcb8  
 Sat Jun 17 2017 17:11:57 GMT-0400 (Eastern Daylight Time)
[debug] [2017-06-17T21:11:57.501Z] <<< HTTP RESPONSE 200
[debug] [2017-06-17T21:11:57.501Z] >>> HTTP REQUEST GET https://mobilesdk-pa.googleapis.com/v1/projects/1059280564259/clients/_:getWebAppConfig  
 Sat Jun 17 2017 17:11:57 GMT-0400 (Eastern Daylight Time)
[debug] [2017-06-17T21:11:57.901Z] <<< HTTP RESPONSE 200
[info] i  hosting: Serving hosting files from: ./
[info] +  hosting: Local server: http://localhost:5000

